<?xml version="1.0" encoding="UTF-8"?>
<testsuite name="com.booksajo.bookPanda.BookPandaApplicationTests" tests="1" skipped="0" failures="0" errors="0" timestamp="2024-05-30T11:14:42" hostname="나잖아" time="0.778">
  <properties/>
  <testcase name="contextLoads()" classname="com.booksajo.bookPanda.BookPandaApplicationTests" time="0.778"/>
  <system-out><![CDATA[20:14:34.295 [Test worker] INFO org.springframework.test.context.support.AnnotationConfigContextLoaderUtils -- Could not detect default configuration classes for test class [com.booksajo.bookPanda.BookPandaApplicationTests]: BookPandaApplicationTests does not declare any static, non-private, non-final, nested classes annotated with @Configuration.
20:14:34.481 [Test worker] INFO org.springframework.boot.test.context.SpringBootTestContextBootstrapper -- Found @SpringBootConfiguration com.booksajo.bookPanda.BookPandaApplication for test class com.booksajo.bookPanda.BookPandaApplicationTests
  .   ____          _            __ _ _
 /\\ / ___'_ __ _ _(_)_ __  __ _ \ \ \ \
( ( )\___ | '_ | '_| | '_ \/ _` | \ \ \ \
 \\/  ___)| |_)| | | | | || (_| |  ) ) ) )
  '  |____| .__|_| |_|_| |_\__, | / / / /
 =========|_|==============|___/=/_/_/_/

 :: Spring Boot ::                (v3.3.0)

2024-05-30T20:14:35.359+09:00  INFO 75832 --- [    Test worker] c.b.bookPanda.BookPandaApplicationTests  : Starting BookPandaApplicationTests using Java 17.0.9 with PID 75832 (started by 우문식 in C:\Users\우문식\Desktop\book_panda\Back)
2024-05-30T20:14:35.362+09:00  INFO 75832 --- [    Test worker] c.b.bookPanda.BookPandaApplicationTests  : No active profile set, falling back to 1 default profile: "default"
2024-05-30T20:14:36.596+09:00  INFO 75832 --- [    Test worker] .s.d.r.c.RepositoryConfigurationDelegate : Bootstrapping Spring Data JPA repositories in DEFAULT mode.
2024-05-30T20:14:36.670+09:00  INFO 75832 --- [    Test worker] .s.d.r.c.RepositoryConfigurationDelegate : Finished Spring Data repository scanning in 62 ms. Found 1 JPA repository interface.
2024-05-30T20:14:37.911+09:00  INFO 75832 --- [    Test worker] o.hibernate.jpa.internal.util.LogHelper  : HHH000204: Processing PersistenceUnitInfo [name: default]
2024-05-30T20:14:38.037+09:00  INFO 75832 --- [    Test worker] org.hibernate.Version                    : HHH000412: Hibernate ORM core version 6.5.2.Final
2024-05-30T20:14:38.109+09:00  INFO 75832 --- [    Test worker] o.h.c.internal.RegionFactoryInitiator    : HHH000026: Second-level cache disabled
2024-05-30T20:14:38.679+09:00  INFO 75832 --- [    Test worker] o.s.o.j.p.SpringPersistenceUnitInfo      : No LoadTimeWeaver setup: ignoring JPA class transformer
2024-05-30T20:14:38.729+09:00  INFO 75832 --- [    Test worker] com.zaxxer.hikari.HikariDataSource       : HikariPool-1 - Starting...
2024-05-30T20:14:38.983+09:00  INFO 75832 --- [    Test worker] com.zaxxer.hikari.pool.HikariPool        : HikariPool-1 - Added connection com.mysql.cj.jdbc.ConnectionImpl@3add5e17
2024-05-30T20:14:38.987+09:00  INFO 75832 --- [    Test worker] com.zaxxer.hikari.HikariDataSource       : HikariPool-1 - Start completed.
2024-05-30T20:14:39.044+09:00  WARN 75832 --- [    Test worker] org.hibernate.orm.deprecation            : HHH90000025: MySQL8Dialect does not need to be specified explicitly using 'hibernate.dialect' (remove the property setting and it will be selected by default)
2024-05-30T20:14:39.046+09:00  WARN 75832 --- [    Test worker] org.hibernate.orm.deprecation            : HHH90000026: MySQL8Dialect has been deprecated; use org.hibernate.dialect.MySQLDialect instead
2024-05-30T20:14:40.334+09:00  INFO 75832 --- [    Test worker] o.h.e.t.j.p.i.JtaPlatformInitiator       : HHH000489: No JTA platform available (set 'hibernate.transaction.jta.platform' to enable JTA platform integration)
2024-05-30T20:14:40.498+09:00  INFO 75832 --- [    Test worker] j.LocalContainerEntityManagerFactoryBean : Initialized JPA EntityManagerFactory for persistence unit 'default'
2024-05-30T20:14:41.359+09:00  INFO 75832 --- [    Test worker] r$InitializeUserDetailsManagerConfigurer : Global AuthenticationManager configured with UserDetailsService bean with name customUserDetailsService
2024-05-30T20:14:41.450+09:00  WARN 75832 --- [    Test worker] JpaBaseConfiguration$JpaWebConfiguration : spring.jpa.open-in-view is enabled by default. Therefore, database queries may be performed during view rendering. Explicitly configure spring.jpa.open-in-view to disable this warning
2024-05-30T20:14:42.083+09:00  INFO 75832 --- [    Test worker] o.s.s.web.DefaultSecurityFilterChain     : Will secure any request with [org.springframework.security.web.session.DisableEncodeUrlFilter@495a9305, org.springframework.security.web.context.request.async.WebAsyncManagerIntegrationFilter@6a0a0f12, org.springframework.security.web.context.SecurityContextHolderFilter@58a5b69c, org.springframework.security.web.header.HeaderWriterFilter@3344c1d7, org.springframework.web.filter.CorsFilter@b6fea12, org.springframework.security.web.authentication.logout.LogoutFilter@4e58eda2, com.booksajo.bookPanda.JWT.JwtAuthenticationFilter@75c095a5, org.springframework.security.web.savedrequest.RequestCacheAwareFilter@735dc133, org.springframework.security.web.servletapi.SecurityContextHolderAwareRequestFilter@2257590f, org.springframework.security.web.authentication.AnonymousAuthenticationFilter@689fe2a3, org.springframework.security.web.session.SessionManagementFilter@104e6540, org.springframework.security.web.access.ExceptionTranslationFilter@1cd853ee, org.springframework.security.web.access.intercept.AuthorizationFilter@2e41b65a]
2024-05-30T20:14:42.691+09:00  INFO 75832 --- [    Test worker] c.b.bookPanda.BookPandaApplicationTests  : Started BookPandaApplicationTests in 7.823 seconds (process running for 10.074)
]]></system-out>
  <system-err><![CDATA[]]></system-err>
</testsuite>
