<?xml version="1.0" encoding="UTF-8"?>
<testsuite name="com.booksajo.bookPanda.service.CartServiceTest" tests="1" skipped="0" failures="1" errors="0" timestamp="2024-05-30T11:13:51" hostname="GOEUN" time="1.199">
  <properties/>
  <testcase name="testAddNewCartItem()" classname="com.booksajo.bookPanda.service.CartServiceTest" time="1.199">
    <failure message="org.mockito.exceptions.misusing.UnnecessaryStubbingException: &#10;Unnecessary stubbings detected.&#10;Clean &amp; maintainable test code requires zero unnecessary code.&#10;Following stubbings are unnecessary (click to navigate to relevant line of code):&#10;  1. -&gt; at com.booksajo.bookPanda.service.CartServiceTest.setUp(CartServiceTest.java:60)&#10;Please remove unnecessary stubbings or use 'lenient' strictness. More info: javadoc for UnnecessaryStubbingException class." type="org.mockito.exceptions.misusing.UnnecessaryStubbingException">org.mockito.exceptions.misusing.UnnecessaryStubbingException: 
Unnecessary stubbings detected.
Clean &amp; maintainable test code requires zero unnecessary code.
Following stubbings are unnecessary (click to navigate to relevant line of code):
  1. -&gt; at com.booksajo.bookPanda.service.CartServiceTest.setUp(CartServiceTest.java:60)
Please remove unnecessary stubbings or use 'lenient' strictness. More info: javadoc for UnnecessaryStubbingException class.
	at app//org.mockito.junit.jupiter.MockitoExtension.afterEach(MockitoExtension.java:197)
	at java.base@17.0.10/java.util.ArrayList.forEach(ArrayList.java:1511)
	at java.base@17.0.10/java.util.ArrayList.forEach(ArrayList.java:1511)
</failure>
  </testcase>
  <system-out><![CDATA[]]></system-out>
  <system-err><![CDATA[]]></system-err>
</testsuite>
